2025-06-12 17:46:57,119 INFO  [org.jboss.modules] (main) JBoss Modules version 2.1.6.Final
2025-06-12 17:46:58,076 INFO  [org.jboss.msc] (main) JBoss MSC version 1.5.5.Final
2025-06-12 17:46:58,084 INFO  [org.jboss.threads] (main) JBoss Threads version 2.4.0.Final
2025-06-12 17:46:58,186 INFO  [org.jboss.as] (MSC service thread 1-1) WFLYSRV0049: WildFly 36.0.0.Final (WildFly Core 28.0.0.Final) starting
2025-06-12 17:46:58,188 DEBUG [org.jboss.as.config] (MSC service thread 1-1) Configured system properties:
	file.encoding = UTF-8
	file.separator = \
	java.awt.headless = true
	java.class.path = C:\Users\Nasly\Desktop\bin\wildfly-36.0.0.Final\jboss-modules.jar
	java.class.version = 61.0
	java.home = C:\Program Files\Java\jdk-17
	java.io.tmpdir = C:\Users\Nasly\AppData\Local\Temp\
	java.library.path = C:\Program Files\Java\jdk-17\bin;C:\Windows\Sun\Java\bin;C:\Windows\system32;C:\Windows;native;C:/Program Files/Java/jdk-17/bin/server;C:/Program Files/Java/jdk-17/bin;C:/Users/Nasly/AppData/Local/Temp/eoi4847.tmp//plugins/org.eclipse.justj.openjdk.hotspot.jre.minimal.stripped.win32.x86_64_16.0.2.v20210721-1149/jre/bin/server;C:/Users/Nasly/AppData/Local/Temp/eoi4847.tmp//plugins/org.eclipse.justj.openjdk.hotspot.jre.minimal.stripped.win32.x86_64_16.0.2.v20210721-1149/jre/bin;C:\Program Files\Common Files\Oracle\Java\javapath;C:\Windows\system32;C:\Windows;C:\Windows\System32\Wbem;C:\Windows\System32\WindowsPowerShell\v1.0\;C:\Windows\System32\OpenSSH\;C:\Program Files\Docker\Docker\resources\bin;C:\Program Files\nodejs\;C:\Program Files\Git\cmd;C:\Users\Nasly\AppData\Local\Programs\Python\Python311\Scripts\;C:\Users\Nasly\AppData\Local\Programs\Python\Python311\;C:\Users\Nasly\AppData\Local\Microsoft\WindowsApps;C:\Users\Nasly\AppData\Local\GitHubDesktop\bin;C:\Users\Nasly\AppData\Local\Programs\Microsoft VS Code\bin;C:\Users\Nasly\AppData\Roaming\npm;C:\Program Files\Java\jdk-17\bin;C:\Program Files\Apache\apache-maven-3.9.9\bin;C:\Users\Nasly\Downloads;;C:\Users\Nasly\Downloads;;.
	java.net.preferIPv4Stack = true
	java.runtime.name = Java(TM) SE Runtime Environment
	java.runtime.version = 17.0.12+8-LTS-286
	java.specification.name = Java Platform API Specification
	java.specification.vendor = Oracle Corporation
	java.specification.version = 17
	java.util.logging.manager = org.jboss.logmanager.LogManager
	java.vendor = Oracle Corporation
	java.vendor.url = https://java.oracle.com/
	java.vendor.url.bug = https://bugreport.java.com/bugreport/
	java.version = 17.0.12
	java.version.date = 2024-07-16
	java.vm.compressedOopsMode = 32-bit
	java.vm.info = mixed mode, sharing
	java.vm.name = Java HotSpot(TM) 64-Bit Server VM
	java.vm.specification.name = Java Virtual Machine Specification
	java.vm.specification.vendor = Oracle Corporation
	java.vm.specification.version = 17
	java.vm.vendor = Oracle Corporation
	java.vm.version = 17.0.12+8-LTS-286
	javax.management.builder.initial = org.jboss.as.jmx.PluggableMBeanServerBuilder
	jboss.bind.address = localhost
	jboss.bind.address.management = localhost
	jboss.home.dir = C:\Users\Nasly\Desktop\bin\wildfly-36.0.0.Final
	jboss.host.name = desktop-fiskjvg
	jboss.modules.system.pkgs = org.jboss.byteman
	jboss.node.name = desktop-fiskjvg
	jboss.qualified.host.name = desktop-fiskjvg
	jboss.server.base.dir = C:\Users\Nasly\Desktop\bin\wildfly-36.0.0.Final\standalone
	jboss.server.config.dir = C:\Users\Nasly\Desktop\bin\wildfly-36.0.0.Final\standalone\configuration
	jboss.server.data.dir = C:\Users\Nasly\Desktop\bin\wildfly-36.0.0.Final\standalone\data
	jboss.server.log.dir = C:\Users\Nasly\Desktop\bin\wildfly-36.0.0.Final\standalone\log
	jboss.server.name = desktop-fiskjvg
	jboss.server.persist.config = true
	jboss.server.temp.dir = C:\Users\Nasly\Desktop\bin\wildfly-36.0.0.Final\standalone\tmp
	jdk.debug = release
	line.separator = 

	logging.configuration = file:C:\Users\Nasly\Desktop\bin\wildfly-36.0.0.Final\standalone\configuration\logging.properties
	module.path = C:\Users\Nasly\Desktop\bin\wildfly-36.0.0.Final\modules
	native.encoding = Cp1252
	org.jboss.boot.log.file = C:\Users\Nasly\Desktop\bin\wildfly-36.0.0.Final\standalone\log\boot.log
	org.jboss.logmanager.nocolor = true
	org.jboss.resolver.warning = true
	os.arch = amd64
	os.name = Windows 10
	os.version = 10.0
	path.separator = ;
	program.name = JBossTools: WildFly 24+
	sun.arch.data.model = 64
	sun.boot.library.path = C:\Program Files\Java\jdk-17\bin
	sun.cpu.endian = little
	sun.cpu.isalist = amd64
	sun.io.unicode.encoding = UnicodeLittle
	sun.java.command = org.jboss.modules.Main -mp C:\Users\Nasly\Desktop\bin\wildfly-36.0.0.Final\modules org.jboss.as.standalone -b localhost --server-config=standalone.xml -Djboss.server.base.dir=C:\Users\Nasly\Desktop\bin\wildfly-36.0.0.Final\standalone
	sun.java.launcher = SUN_STANDARD
	sun.jnu.encoding = Cp1252
	sun.management.compiler = HotSpot 64-Bit Tiered Compilers
	sun.os.patch.level = 
	sun.rmi.dgc.client.gcInterval = 3600000
	sun.rmi.dgc.server.gcInterval = 3600000
	user.country = EC
	user.dir = C:\Users\Nasly\Desktop\bin\wildfly-36.0.0.Final\bin
	user.home = C:\Users\Nasly
	user.language = es
	user.name = Nasly
	user.script = 
	user.timezone = America/Mexico_City
	user.variant = 
2025-06-12 17:46:58,188 DEBUG [org.jboss.as.config] (MSC service thread 1-1) VM Arguments: -Dprogram.name=JBossTools: WildFly 24+ -Xms64m -Xmx512m -Dorg.jboss.resolver.warning=true -Djava.net.preferIPv4Stack=true -Dsun.rmi.dgc.client.gcInterval=3600000 -Dsun.rmi.dgc.server.gcInterval=3600000 -Djboss.modules.system.pkgs=org.jboss.byteman -Djava.awt.headless=true -Dorg.jboss.boot.log.file=C:\Users\Nasly\Desktop\bin\wildfly-36.0.0.Final\standalone\log\boot.log -Dlogging.configuration=file:C:\Users\Nasly\Desktop\bin\wildfly-36.0.0.Final\standalone\configuration\logging.properties -Djboss.home.dir=C:\Users\Nasly\Desktop\bin\wildfly-36.0.0.Final -Dorg.jboss.logmanager.nocolor=true --add-exports=java.desktop/sun.awt=ALL-UNNAMED --add-exports=java.naming/com.sun.jndi.ldap=ALL-UNNAMED --add-opens=java.base/java.lang=ALL-UNNAMED --add-opens=java.base/java.lang.invoke=ALL-UNNAMED --add-opens=java.base/java.lang.reflect=ALL-UNNAMED --add-opens=java.base/java.io=ALL-UNNAMED --add-opens=java.base/java.security=ALL-UNNAMED --add-opens=java.base/java.util=ALL-UNNAMED --add-opens=java.base/java.util.concurrent=ALL-UNNAMED --add-opens=java.management/javax.management=ALL-UNNAMED --add-opens=java.naming/javax.naming=ALL-UNNAMED --add-exports=java.base/sun.nio.ch=ALL-UNNAMED --add-exports=jdk.unsupported/sun.misc=ALL-UNNAMED --add-exports=jdk.unsupported/sun.reflect=ALL-UNNAMED --add-modules=java.se -Djboss.bind.address.management=localhost -Dfile.encoding=UTF-8 -XX:+ShowCodeDetailsInExceptionMessages 
2025-06-12 17:46:58,967 INFO  [org.wildfly.security] (Controller Boot Thread) ELY00001: WildFly Elytron version 2.6.2.Final
2025-06-12 17:46:59,645 INFO  [org.jboss.as.server.deployment.scanner] (DeploymentScanner-threads - 1) WFLYDS0004: Found virtualizacion_Back.war in deployment directory. To trigger deployment create a file called virtualizacion_Back.war.dodeploy
2025-06-12 17:46:59,777 INFO  [org.jboss.as.server] (Controller Boot Thread) WFLYSRV0039: Creating http management service using socket-binding (management-http)
2025-06-12 17:46:59,828 INFO  [org.xnio] (MSC service thread 1-6) XNIO version 3.8.16.Final
2025-06-12 17:46:59,846 INFO  [org.xnio.nio] (MSC service thread 1-6) XNIO NIO Implementation Version 3.8.16.Final
2025-06-12 17:46:59,930 WARN  [org.jboss.as.txn] (ServerService Thread Pool -- 74) WFLYTX0013: The node-identifier attribute on the /subsystem=transactions is set to the default value. This is a danger for environments running multiple servers. Please make sure the attribute value is unique.
2025-06-12 17:47:00,012 INFO  [org.wildfly.extension.elytron.oidc._private] (ServerService Thread Pool -- 53) WFLYOIDC0001: Activating WildFly Elytron OIDC Subsystem
2025-06-12 17:47:00,022 INFO  [org.wildfly.extension.health] (ServerService Thread Pool -- 54) WFLYHEALTH0001: Activating Base Health Subsystem
2025-06-12 17:47:00,023 INFO  [org.wildfly.extension.microprofile.jwt.smallrye] (ServerService Thread Pool -- 66) WFLYJWT0001: Activating MicroProfile JWT Subsystem
2025-06-12 17:47:00,024 INFO  [org.wildfly.extension.microprofile.config.smallrye] (ServerService Thread Pool -- 65) WFLYCONF0001: Activating MicroProfile Config Subsystem
2025-06-12 17:47:00,025 INFO  [org.jboss.as.clustering.infinispan] (ServerService Thread Pool -- 55) WFLYCLINF0001: Activating Infinispan subsystem.
2025-06-12 17:47:00,025 INFO  [org.jboss.as.naming] (ServerService Thread Pool -- 67) WFLYNAM0001: Activating Naming Subsystem
2025-06-12 17:47:00,069 INFO  [org.jboss.as.webservices] (ServerService Thread Pool -- 76) WFLYWS0002: Activating WebServices Extension
2025-06-12 17:47:00,119 INFO  [org.jboss.as.jaxrs] (ServerService Thread Pool -- 57) WFLYRS0016: RESTEasy version 6.2.12.Final
2025-06-12 17:47:00,160 INFO  [org.jboss.as.jsf] (ServerService Thread Pool -- 62) WFLYJSF0007: Activated the following Jakarta Server Faces Implementations: [main]
2025-06-12 17:47:00,161 INFO  [org.wildfly.extension.metrics] (ServerService Thread Pool -- 64) WFLYMETRICS0001: Activating Base Metrics Subsystem
2025-06-12 17:47:00,352 INFO  [org.wildfly.extension.io] (ServerService Thread Pool -- 56) WFLYIO001: Worker 'default' has auto-configured to 16 IO threads with 128 max task threads based on your 8 available processors
2025-06-12 17:47:00,427 INFO  [org.jboss.as.connector.subsystems.datasources] (ServerService Thread Pool -- 44) WFLYJCA0004: Deploying JDBC-compliant driver class org.h2.Driver (version 2.2)
2025-06-12 17:47:00,431 INFO  [org.wildfly.extension.undertow] (MSC service thread 1-3) WFLYUT0003: Undertow 2.3.18.Final starting
2025-06-12 17:47:00,464 INFO  [org.jboss.as.server.deployment] (MSC service thread 1-1) WFLYSRV0027: Starting deployment of "virtualizacion_Back.war" (runtime-name: "virtualizacion_Back.war")
2025-06-12 17:47:00,479 INFO  [org.jboss.as.connector] (MSC service thread 1-5) WFLYJCA0009: Starting Jakarta Connectors Subsystem (WildFly/IronJacamar 3.0.13.Final)
2025-06-12 17:47:00,503 INFO  [org.jboss.as.naming] (MSC service thread 1-6) WFLYNAM0003: Starting Naming Service
2025-06-12 17:47:00,559 INFO  [org.jboss.as.connector.deployers.jdbc] (MSC service thread 1-6) WFLYJCA0018: Started Driver service with driver-name = h2
2025-06-12 17:47:00,604 WARN  [org.wildfly.extension.elytron] (MSC service thread 1-3) WFLYELY00023: KeyStore file 'C:\Users\Nasly\Desktop\bin\wildfly-36.0.0.Final\standalone\configuration\application.keystore' does not exist. Used blank.
2025-06-12 17:47:00,620 INFO  [org.jboss.as.mail.extension] (MSC service thread 1-6) WFLYMAIL0001: Bound mail session [java:jboss/mail/Default]
2025-06-12 17:47:00,622 INFO  [org.jboss.remoting] (MSC service thread 1-2) JBoss Remoting version 5.0.31.Final
2025-06-12 17:47:00,630 INFO  [org.wildfly.extension.undertow] (ServerService Thread Pool -- 75) WFLYUT0014: Creating file handler for path 'C:\Users\Nasly\Desktop\bin\wildfly-36.0.0.Final/welcome-content' with options [directory-listing: 'false', follow-symlink: 'false', case-sensitive: 'true', safe-symlink-paths: '[]']
2025-06-12 17:47:00,674 WARN  [org.wildfly.extension.elytron] (MSC service thread 1-3) WFLYELY01084: KeyStore C:\Users\Nasly\Desktop\bin\wildfly-36.0.0.Final\standalone\configuration\application.keystore not found, it will be auto-generated on first use with a self-signed certificate for host localhost
2025-06-12 17:47:00,701 INFO  [org.wildfly.extension.undertow] (MSC service thread 1-5) WFLYUT0012: Started server default-server.
2025-06-12 17:47:00,717 INFO  [org.wildfly.extension.undertow] (MSC service thread 1-8) Queuing requests.
2025-06-12 17:47:00,720 INFO  [org.wildfly.extension.undertow] (MSC service thread 1-8) WFLYUT0018: Host default-host starting
2025-06-12 17:47:00,726 INFO  [org.jboss.as.ejb3] (MSC service thread 1-6) WFLYEJB0482: Strict pool mdb-strict-max-pool is using a max instance size of 32 (per class), which is derived from the number of CPUs on this host.
2025-06-12 17:47:00,726 INFO  [org.jboss.as.ejb3] (MSC service thread 1-4) WFLYEJB0481: Strict pool slsb-strict-max-pool is using a max instance size of 128 (per class), which is derived from thread worker pool sizing.
2025-06-12 17:47:00,802 INFO  [org.wildfly.extension.undertow] (MSC service thread 1-2) WFLYUT0006: Undertow HTTP listener default listening on 127.0.0.1:8080
